<?xml version="1.0" encoding="UTF-8"?>
<!-- Generated by org.testng.reporters.JUnitXMLReporter -->
<testsuite ignored="0" hostname="Akshaya-Laptop" failures="0" tests="17" name="Test" time="19.846" errors="0" timestamp="2022-09-19T16:09:19 IST">
  <testcase classname="TestCases.validget" name="f" time="1.608"/>
  <testcase classname="TestCases.Validsingleusers" name="f" time="0.52"/>
  <testcase classname="TestCases.SingleUserNotFound" name="f" time="0.522"/>
  <testcase classname="TestCases.getlistresourses" name="f" time="0.551"/>
  <testcase classname="TestCases.getsingleresourses" name="f" time="0.546"/>
  <testcase classname="TestCases.SingleResoursesnotfound" name="f" time="0.516"/>
  <testcase classname="TestCases.getdelayedresponse" name="f" time="3.863"/>
  <testcase classname="TestCases.postcreate" name="f" time="1.058"/>
  <testcase classname="TestCases.Postregistersucess" name="f" time="1.021"/>
  <testcase classname="TestCases.postregisterunsucess" name="f" time="0.96"/>
  <testcase classname="TestCases.postLoginsucess" name="f" time="1.072"/>
  <testcase classname="TestCases.postloginunsucess" name="f" time="0.968"/>
  <testcase classname="TestCases.put" name="f" time="1.028"/>
  <testcase classname="TestCases.patch" name="f" time="2.038"/>
  <testcase classname="TestCases.validdelete" name="f" time="0.948"/>
  <testcase classname="TestCases.invalidDelete" name="f" time="1.628"/>
  <testcase classname="TestCases.postinvalidregisteruncsess1" name="f" time="0.954"/>
</testsuite> <!-- Test -->
